#
# A fatal error has been detected by the Java Runtime Environment:
#
#  EXCEPTION_ACCESS_VIOLATION (0xc0000005) at pc=0x0000000057ef70a3, pid=11732, tid=0x0000000000002cec
#
# JRE version: Java(TM) SE Runtime Environment (8.0_221-b11) (build 1.8.0_221-b11)
# Java VM: Java HotSpot(TM) 64-Bit Server VM (25.221-b11 mixed mode windows-amd64 compressed oops)
# Problematic frame:
# V  [jvm.dll+0xf70a3]
#
# Failed to write core dump. Minidumps are not enabled by default on client versions of Windows
#
# If you would like to submit a bug report, please visit:
#   http://bugreport.java.com/bugreport/crash.jsp
#

---------------  T H R E A D  ---------------

Current thread (0x0000000017199000):  JavaThread "JDWP Transport Listener: dt_socket" daemon [_thread_in_vm, id=11500, stack(0x0000000018c30000,0x0000000018d30000)]

siginfo: ExceptionCode=0xc0000005, reading address 0x000000001d3258b0

Registers:
RAX=0x00000000000098e0, RBX=0x00000000171abf70, RCX=0x000000001d2d9160, RDX=0x00000000000098e0
RSP=0x0000000018d2e8c8, RBP=0x000000000000005a, RSI=0x000000001d2d9160, RDI=0x000000001d2da542
R8 =0x0000000000000000, R9 =0x0000000000000000, R10=0x0000000018d2eab0, R11=0x0000000018d2ea10
R12=0x0000000000000003, R13=0x0000000017199000, R14=0x000000010054c7f8, R15=0x0000000000000002
RIP=0x0000000057ef70a3, EFLAGS=0x0000000000010206

Top of Stack: (sp=0x0000000018d2e8c8)
0x0000000018d2e8c8:   0000000057ec6ede 00000000171abf70
0x0000000018d2e8d8:   000000001d2d9160 00000000171a84c0
0x0000000018d2e8e8:   00000000171a3a00 0000000000007fe8
0x0000000018d2e8f8:   0000000018d2ea58 0000000018d2ea00
0x0000000018d2e908:   0000000000000000 0000000000000000
0x0000000018d2e918:   0000000000005a00 000000000000006d
0x0000000018d2e928:   0000000000000006 000000001d2d95a8
0x0000000018d2e938:   0000000018d2eab0 000000000000006d
0x0000000018d2e948:   000000001d2da540 0000000018d2eab0
0x0000000018d2e958:   000000001719c7f0 0000000018d2eab0
0x0000000018d2e968:   0000000017199000 0000000000000014
0x0000000018d2e978:   0000000018d2eaa0 000000001d2d95a8
0x0000000018d2e988:   0000000018d2eab0 00000000171a84c0
0x0000000018d2e998:   0000000057ec7759 0000000018d2eab0
0x0000000018d2e9a8:   000000001d2da568 0000000018d2ea00
0x0000000018d2e9b8:   0000000018d2ea10 000000001719c7e0 

Instructions: (pc=0x0000000057ef70a3)
0x0000000057ef7083:   8b 49 18 e8 05 6c fc ff 48 8b cb e8 3d f8 f2 ff
0x0000000057ef7093:   48 8b 5c 24 30 48 83 c4 20 5f c3 cc cc 48 63 c2
0x0000000057ef70a3:   48 8b 44 c1 50 48 89 44 24 08 48 8b 44 24 08 0f
0x0000000057ef70b3:   b6 c8 f6 d1 f6 c1 01 74 05 48 8b 40 10 c3 48 83 


Register to memory mapping:

RAX=0x00000000000098e0 is an unknown value
RBX=0x00000000171abf70 is an unknown value
RCX=0x000000001d2d9160 is pointing into metadata
RDX=0x00000000000098e0 is an unknown value
RSP=0x0000000018d2e8c8 is pointing into the stack for thread: 0x0000000017199000
RBP=0x000000000000005a is an unknown value
RSI=0x000000001d2d9160 is pointing into metadata
RDI=0x000000001d2da542 is pointing into metadata
R8 =0x0000000000000000 is an unknown value
R9 =0x0000000000000000 is an unknown value
R10=0x0000000018d2eab0 is pointing into the stack for thread: 0x0000000017199000
R11=0x0000000018d2ea10 is pointing into the stack for thread: 0x0000000017199000
R12=0x0000000000000003 is an unknown value
R13=0x0000000017199000 is a thread
R14=0x000000010054c7f8 is pointing into metadata
R15=0x0000000000000002 is an unknown value


Stack: [0x0000000018c30000,0x0000000018d30000],  sp=0x0000000018d2e8c8,  free space=1018k
Native frames: (J=compiled Java code, j=interpreted, Vv=VM code, C=native code)
V  [jvm.dll+0xf70a3]


---------------  P R O C E S S  ---------------

Java Threads: ( => current thread )
  0x0000000019992000 JavaThread "RMI TCP Accept-0" daemon [_thread_in_native, id=13848, stack(0x000000001a130000,0x000000001a230000)]
  0x0000000019983000 JavaThread "RMI TCP Accept-52188" daemon [_thread_in_native, id=6216, stack(0x000000001a030000,0x000000001a130000)]
  0x000000001996a800 JavaThread "RMI TCP Accept-0" daemon [_thread_in_native, id=12416, stack(0x0000000019f30000,0x000000001a030000)]
  0x0000000019296800 JavaThread "Service Thread" daemon [_thread_blocked, id=12996, stack(0x0000000019630000,0x0000000019730000)]
  0x00000000171e7000 JavaThread "C1 CompilerThread2" daemon [_thread_blocked, id=12280, stack(0x0000000019130000,0x0000000019230000)]
  0x00000000171c2800 JavaThread "C2 CompilerThread1" daemon [_thread_blocked, id=5532, stack(0x0000000019030000,0x0000000019130000)]
  0x00000000171bf000 JavaThread "C2 CompilerThread0" daemon [_thread_blocked, id=8368, stack(0x0000000018f30000,0x0000000019030000)]
  0x00000000171b1800 JavaThread "JDWP Command Reader" daemon [_thread_in_native, id=11040, stack(0x0000000018e30000,0x0000000018f30000)]
  0x00000000171ae800 JavaThread "JDWP Event Helper Thread" daemon [_thread_blocked, id=7136, stack(0x0000000018d30000,0x0000000018e30000)]
=>0x0000000017199000 JavaThread "JDWP Transport Listener: dt_socket" daemon [_thread_in_vm, id=11500, stack(0x0000000018c30000,0x0000000018d30000)]
  0x00000000171a0800 JavaThread "Attach Listener" daemon [_thread_blocked, id=13764, stack(0x00000000186f0000,0x00000000187f0000)]
  0x000000001719f800 JavaThread "Signal Dispatcher" daemon [_thread_blocked, id=4920, stack(0x00000000185f0000,0x00000000186f0000)]
  0x000000001717d000 JavaThread "Finalizer" daemon [_thread_blocked, id=10652, stack(0x00000000183e0000,0x00000000184e0000)]
  0x0000000002668000 JavaThread "Reference Handler" daemon [_thread_blocked, id=4916, stack(0x00000000182e0000,0x00000000183e0000)]
  0x0000000002578000 JavaThread "main" [_thread_blocked, id=13700, stack(0x0000000002460000,0x0000000002560000)]

Other Threads:
  0x0000000017157800 VMThread [stack: 0x00000000181e0000,0x00000000182e0000] [id=13936]
  0x0000000019996000 WatcherThread [stack: 0x000000001a230000,0x000000001a330000] [id=8860]

VM state:not at safepoint (normal execution)

VM Mutex/Monitor currently owned by a thread: None

heap address: 0x0000000081e00000, size: 2018 MB, Compressed Oops mode: 32-bit
Narrow klass base: 0x0000000000000000, Narrow klass shift: 3
Compressed class space size: 1073741824 Address: 0x0000000100000000

Heap:
 PSYoungGen      total 140288K, used 32591K [0x00000000d5f80000, 0x00000000e3b80000, 0x0000000100000000)
  eden space 131072K, 24% used [0x00000000d5f80000,0x00000000d7f53ea0,0x00000000ddf80000)
  from space 9216K, 0% used [0x00000000ddf80000,0x00000000ddf80000,0x00000000de880000)
  to   space 11776K, 0% used [0x00000000e3000000,0x00000000e3000000,0x00000000e3b80000)
 ParOldGen       total 78336K, used 17530K [0x0000000081e00000, 0x0000000086a80000, 0x00000000d5f80000)
  object space 78336K, 22% used [0x0000000081e00000,0x0000000082f1e878,0x0000000086a80000)
 Metaspace       used 38001K, capacity 39740K, committed 40104K, reserved 1083392K
  class space    used 5104K, capacity 5434K, committed 5544K, reserved 1048576K

Card table byte_map: [0x0000000011a30000,0x0000000011e30000] byte_map_base: 0x0000000011621000

Marking Bits: (ParMarkBitMap*) 0x0000000058625ce0
 Begin Bits: [0x00000000124e0000, 0x0000000014468000)
 End Bits:   [0x0000000014468000, 0x00000000163f0000)

Polling page: 0x0000000000b40000

CodeCache: size=245760Kb used=5935Kb max_used=5935Kb free=239824Kb
 bounds [0x0000000002670000, 0x0000000002c40000, 0x0000000011670000]
 total_blobs=3324 nmethods=2836 adapters=408
 compilation: enabled

Compilation events (10 events):
Event: 3.892 Thread 0x00000000171e7000 2832       1       org.springframework.boot.autoconfigure.condition.ConditionEvaluationReport::lambda$addNoMatchOutcomeToAncestors$1 (54 bytes)
Event: 3.892 Thread 0x00000000171e7000 nmethod 2832 0x0000000002c39e90 code [0x0000000002c3a080, 0x0000000002c3a6d8]
Event: 3.894 Thread 0x00000000171e7000 2833       1       org.springframework.boot.autoconfigure.condition.ConditionEvaluationReport$ConditionAndOutcome::getOutcome (5 bytes)
Event: 3.894 Thread 0x00000000171e7000 nmethod 2833 0x0000000002c3ac90 code [0x0000000002c3ade0, 0x0000000002c3aef0]
Event: 3.894 Thread 0x00000000171e7000 2834       1       java.util.TreeMap::forEach (58 bytes)
Event: 3.895 Thread 0x00000000171e7000 nmethod 2834 0x0000000002c3af50 code [0x0000000002c3b100, 0x0000000002c3b3f8]
Event: 3.908 Thread 0x00000000171e7000 2835       1       ch.qos.logback.core.pattern.Converter::write (11 bytes)
Event: 3.908 Thread 0x00000000171e7000 nmethod 2835 0x0000000002c3b6d0 code [0x0000000002c3b840, 0x0000000002c3b9b8]
Event: 3.908 Thread 0x00000000171e7000 2836       1       ch.qos.logback.core.pattern.LiteralConverter::convert (5 bytes)
Event: 3.908 Thread 0x00000000171e7000 nmethod 2836 0x0000000002c3ba90 code [0x0000000002c3bbe0, 0x0000000002c3bcf0]

GC Heap History (10 events):
Event: 1.840 GC heap before
{Heap before GC invocations=5 (full 0):
 PSYoungGen      total 71680K, used 16121K [0x00000000d5f80000, 0x00000000daa80000, 0x0000000100000000)
  eden space 66560K, 16% used [0x00000000d5f80000,0x00000000d6a44e70,0x00000000da080000)
  from space 5120K, 99% used [0x00000000da580000,0x00000000daa795f0,0x00000000daa80000)
  to   space 5120K, 0% used [0x00000000da080000,0x00000000da080000,0x00000000da580000)
 ParOldGen       total 87552K, used 5286K [0x0000000081e00000, 0x0000000087380000, 0x00000000d5f80000)
  object space 87552K, 6% used [0x0000000081e00000,0x0000000082329900,0x0000000087380000)
 Metaspace       used 20516K, capacity 21228K, committed 21296K, reserved 1067008K
  class space    used 2729K, capacity 2923K, committed 2944K, reserved 1048576K
Event: 1.847 GC heap after
Heap after GC invocations=5 (full 0):
 PSYoungGen      total 71680K, used 5113K [0x00000000d5f80000, 0x00000000df180000, 0x0000000100000000)
  eden space 66560K, 0% used [0x00000000d5f80000,0x00000000d5f80000,0x00000000da080000)
  from space 5120K, 99% used [0x00000000da080000,0x00000000da57e750,0x00000000da580000)
  to   space 8192K, 0% used [0x00000000de980000,0x00000000de980000,0x00000000df180000)
 ParOldGen       total 87552K, used 6991K [0x0000000081e00000, 0x0000000087380000, 0x00000000d5f80000)
  object space 87552K, 7% used [0x0000000081e00000,0x00000000824d3c38,0x0000000087380000)
 Metaspace       used 20516K, capacity 21228K, committed 21296K, reserved 1067008K
  class space    used 2729K, capacity 2923K, committed 2944K, reserved 1048576K
}
Event: 1.847 GC heap before
{Heap before GC invocations=6 (full 1):
 PSYoungGen      total 71680K, used 5113K [0x00000000d5f80000, 0x00000000df180000, 0x0000000100000000)
  eden space 66560K, 0% used [0x00000000d5f80000,0x00000000d5f80000,0x00000000da080000)
  from space 5120K, 99% used [0x00000000da080000,0x00000000da57e750,0x00000000da580000)
  to   space 8192K, 0% used [0x00000000de980000,0x00000000de980000,0x00000000df180000)
 ParOldGen       total 87552K, used 6991K [0x0000000081e00000, 0x0000000087380000, 0x00000000d5f80000)
  object space 87552K, 7% used [0x0000000081e00000,0x00000000824d3c38,0x0000000087380000)
 Metaspace       used 20516K, capacity 21228K, committed 21296K, reserved 1067008K
  class space    used 2729K, capacity 2923K, committed 2944K, reserved 1048576K
Event: 1.880 GC heap after
Heap after GC invocations=6 (full 1):
 PSYoungGen      total 71680K, used 0K [0x00000000d5f80000, 0x00000000df180000, 0x0000000100000000)
  eden space 66560K, 0% used [0x00000000d5f80000,0x00000000d5f80000,0x00000000da080000)
  from space 5120K, 0% used [0x00000000da080000,0x00000000da080000,0x00000000da580000)
  to   space 8192K, 0% used [0x00000000de980000,0x00000000de980000,0x00000000df180000)
 ParOldGen       total 50688K, used 7155K [0x0000000081e00000, 0x0000000084f80000, 0x00000000d5f80000)
  object space 50688K, 14% used [0x0000000081e00000,0x00000000824fcce0,0x0000000084f80000)
 Metaspace       used 20512K, capacity 21222K, committed 21296K, reserved 1067008K
  class space    used 2728K, capacity 2922K, committed 2944K, reserved 1048576K
}
Event: 2.555 GC heap before
{Heap before GC invocations=7 (full 1):
 PSYoungGen      total 71680K, used 66560K [0x00000000d5f80000, 0x00000000df180000, 0x0000000100000000)
  eden space 66560K, 100% used [0x00000000d5f80000,0x00000000da080000,0x00000000da080000)
  from space 5120K, 0% used [0x00000000da080000,0x00000000da080000,0x00000000da580000)
  to   space 8192K, 0% used [0x00000000de980000,0x00000000de980000,0x00000000df180000)
 ParOldGen       total 50688K, used 7155K [0x0000000081e00000, 0x0000000084f80000, 0x00000000d5f80000)
  object space 50688K, 14% used [0x0000000081e00000,0x00000000824fcce0,0x0000000084f80000)
 Metaspace       used 25105K, capacity 26202K, committed 26496K, reserved 1073152K
  class space    used 3424K, capacity 3662K, committed 3712K, reserved 1048576K
Event: 2.562 GC heap after
Heap after GC invocations=7 (full 1):
 PSYoungGen      total 125440K, used 8183K [0x00000000d5f80000, 0x00000000df180000, 0x0000000100000000)
  eden space 117248K, 0% used [0x00000000d5f80000,0x00000000d5f80000,0x00000000dd200000)
  from space 8192K, 99% used [0x00000000de980000,0x00000000df17df80,0x00000000df180000)
  to   space 9216K, 0% used [0x00000000ddf80000,0x00000000ddf80000,0x00000000de880000)
 ParOldGen       total 50688K, used 7435K [0x0000000081e00000, 0x0000000084f80000, 0x00000000d5f80000)
  object space 50688K, 14% used [0x0000000081e00000,0x0000000082542e68,0x0000000084f80000)
 Metaspace       used 25105K, capacity 26202K, committed 26496K, reserved 1073152K
  class space    used 3424K, capacity 3662K, committed 3712K, reserved 1048576K
}
Event: 3.434 GC heap before
{Heap before GC invocations=8 (full 1):
 PSYoungGen      total 125440K, used 113819K [0x00000000d5f80000, 0x00000000df180000, 0x0000000100000000)
  eden space 117248K, 90% used [0x00000000d5f80000,0x00000000dc6a8d20,0x00000000dd200000)
  from space 8192K, 99% used [0x00000000de980000,0x00000000df17df80,0x00000000df180000)
  to   space 9216K, 0% used [0x00000000ddf80000,0x00000000ddf80000,0x00000000de880000)
 ParOldGen       total 50688K, used 7435K [0x0000000081e00000, 0x0000000084f80000, 0x00000000d5f80000)
  object space 50688K, 14% used [0x0000000081e00000,0x0000000082542e68,0x0000000084f80000)
 Metaspace       used 33764K, capacity 35350K, committed 35496K, reserved 1079296K
  class space    used 4454K, capacity 4758K, committed 4776K, reserved 1048576K
Event: 3.447 GC heap after
Heap after GC invocations=8 (full 1):
 PSYoungGen      total 140288K, used 9184K [0x00000000d5f80000, 0x00000000e3b80000, 0x0000000100000000)
  eden space 131072K, 0% used [0x00000000d5f80000,0x00000000d5f80000,0x00000000ddf80000)
  from space 9216K, 99% used [0x00000000ddf80000,0x00000000de8783d0,0x00000000de880000)
  to   space 11776K, 0% used [0x00000000e3000000,0x00000000e3000000,0x00000000e3b80000)
 ParOldGen       total 50688K, used 11128K [0x0000000081e00000, 0x0000000084f80000, 0x00000000d5f80000)
  object space 50688K, 21% used [0x0000000081e00000,0x00000000828de158,0x0000000084f80000)
 Metaspace       used 33764K, capacity 35350K, committed 35496K, reserved 1079296K
  class space    used 4454K, capacity 4758K, committed 4776K, reserved 1048576K
}
Event: 3.447 GC heap before
{Heap before GC invocations=9 (full 2):
 PSYoungGen      total 140288K, used 9184K [0x00000000d5f80000, 0x00000000e3b80000, 0x0000000100000000)
  eden space 131072K, 0% used [0x00000000d5f80000,0x00000000d5f80000,0x00000000ddf80000)
  from space 9216K, 99% used [0x00000000ddf80000,0x00000000de8783d0,0x00000000de880000)
  to   space 11776K, 0% used [0x00000000e3000000,0x00000000e3000000,0x00000000e3b80000)
 ParOldGen       total 50688K, used 11128K [0x0000000081e00000, 0x0000000084f80000, 0x00000000d5f80000)
  object space 50688K, 21% used [0x0000000081e00000,0x00000000828de158,0x0000000084f80000)
 Metaspace       used 33764K, capacity 35350K, committed 35496K, reserved 1079296K
  class space    used 4454K, capacity 4758K, committed 4776K, reserved 1048576K
Event: 3.517 GC heap after
Heap after GC invocations=9 (full 2):
 PSYoungGen      total 140288K, used 0K [0x00000000d5f80000, 0x00000000e3b80000, 0x0000000100000000)
  eden space 131072K, 0% used [0x00000000d5f80000,0x00000000d5f80000,0x00000000ddf80000)
  from space 9216K, 0% used [0x00000000ddf80000,0x00000000ddf80000,0x00000000de880000)
  to   space 11776K, 0% used [0x00000000e3000000,0x00000000e3000000,0x00000000e3b80000)
 ParOldGen       total 78336K, used 17530K [0x0000000081e00000, 0x0000000086a80000, 0x00000000d5f80000)
  object space 78336K, 22% used [0x0000000081e00000,0x0000000082f1e878,0x0000000086a80000)
 Metaspace       used 33764K, capacity 35350K, committed 35496K, reserved 1079296K
  class space    used 4454K, capacity 4758K, committed 4776K, reserved 1048576K
}

Deoptimization events (0 events):
No events

Classes redefined (1 events):
Event: 95.241 Thread 0x0000000017157800 redefined class name=com.micaelpapa.rest.login.model.dao.AppUser, count=1

Internal exceptions (10 events):
Event: 3.899 Thread 0x0000000002578000 Exception <a 'java/lang/ArrayIndexOutOfBoundsException'> (0x00000000d7ad1368) thrown at [C:\re\workspace\8-2-build-windows-amd64-cygwin\jdk8u221\13320\hotspot\src\share\vm\runtime\sharedRuntime.cpp, line 605]
Event: 3.900 Thread 0x0000000002578000 Exception <a 'java/lang/ArrayIndexOutOfBoundsException'> (0x00000000d7ada6c0) thrown at [C:\re\workspace\8-2-build-windows-amd64-cygwin\jdk8u221\13320\hotspot\src\share\vm\runtime\sharedRuntime.cpp, line 605]
Event: 3.901 Thread 0x0000000002578000 Exception <a 'java/lang/ArrayIndexOutOfBoundsException'> (0x00000000d7afb0b0) thrown at [C:\re\workspace\8-2-build-windows-amd64-cygwin\jdk8u221\13320\hotspot\src\share\vm\runtime\sharedRuntime.cpp, line 605]
Event: 3.902 Thread 0x0000000002578000 Exception <a 'java/lang/ArrayIndexOutOfBoundsException'> (0x00000000d7b059a8) thrown at [C:\re\workspace\8-2-build-windows-amd64-cygwin\jdk8u221\13320\hotspot\src\share\vm\runtime\sharedRuntime.cpp, line 605]
Event: 3.902 Thread 0x0000000002578000 Exception <a 'java/lang/ArrayIndexOutOfBoundsException'> (0x00000000d7b126d8) thrown at [C:\re\workspace\8-2-build-windows-amd64-cygwin\jdk8u221\13320\hotspot\src\share\vm\runtime\sharedRuntime.cpp, line 605]
Event: 3.902 Thread 0x0000000002578000 Exception <a 'java/lang/ArrayIndexOutOfBoundsException'> (0x00000000d7b143d8) thrown at [C:\re\workspace\8-2-build-windows-amd64-cygwin\jdk8u221\13320\hotspot\src\share\vm\runtime\sharedRuntime.cpp, line 605]
Event: 3.903 Thread 0x0000000002578000 Exception <a 'java/lang/ArrayIndexOutOfBoundsException'> (0x00000000d7b1f410) thrown at [C:\re\workspace\8-2-build-windows-amd64-cygwin\jdk8u221\13320\hotspot\src\share\vm\runtime\sharedRuntime.cpp, line 605]
Event: 3.903 Thread 0x0000000002578000 Exception <a 'java/lang/ArrayIndexOutOfBoundsException'> (0x00000000d7b285e0) thrown at [C:\re\workspace\8-2-build-windows-amd64-cygwin\jdk8u221\13320\hotspot\src\share\vm\runtime\sharedRuntime.cpp, line 605]
Event: 3.903 Thread 0x0000000002578000 Exception <a 'java/lang/ArrayIndexOutOfBoundsException'> (0x00000000d7b30b58) thrown at [C:\re\workspace\8-2-build-windows-amd64-cygwin\jdk8u221\13320\hotspot\src\share\vm\runtime\sharedRuntime.cpp, line 605]
Event: 3.904 Thread 0x0000000002578000 Exception <a 'java/lang/ArrayIndexOutOfBoundsException'> (0x00000000d7b3a688) thrown at [C:\re\workspace\8-2-build-windows-amd64-cygwin\jdk8u221\13320\hotspot\src\share\vm\runtime\sharedRuntime.cpp, line 605]

Events (10 events):
Event: 5.682 Executing VM operation: GetOrSetLocal
Event: 5.682 Executing VM operation: GetOrSetLocal done
Event: 5.682 Executing VM operation: GetOrSetLocal
Event: 5.683 Executing VM operation: GetOrSetLocal done
Event: 95.225 Executing VM operation: RedefineClasses
Event: 95.242 Executing VM operation: RedefineClasses done
Event: 95.253 Executing VM operation: GetOwnedMonitorInfo
Event: 95.253 Executing VM operation: GetOwnedMonitorInfo done
Event: 95.253 Executing VM operation: GetCurrentContendedMonitor
Event: 95.253 Executing VM operation: GetCurrentContendedMonitor done


Dynamic libraries:
0x00007ff6830d0000 - 0x00007ff683107000 	C:\Program Files\Java\jdk1.8.0_221\bin\javaw.exe
0x00007ff874550000 - 0x00007ff874745000 	C:\WINDOWS\SYSTEM32\ntdll.dll
0x00007ff873960000 - 0x00007ff873a1d000 	C:\WINDOWS\System32\KERNEL32.DLL
0x00007ff871cd0000 - 0x00007ff871f97000 	C:\WINDOWS\System32\KERNELBASE.dll
0x00007ff873630000 - 0x00007ff8736da000 	C:\WINDOWS\System32\ADVAPI32.dll
0x00007ff8737e0000 - 0x00007ff87387e000 	C:\WINDOWS\System32\msvcrt.dll
0x00007ff8725c0000 - 0x00007ff87265b000 	C:\WINDOWS\System32\sechost.dll
0x00007ff873e10000 - 0x00007ff873f33000 	C:\WINDOWS\System32\RPCRT4.dll
0x00007ff874370000 - 0x00007ff874510000 	C:\WINDOWS\System32\USER32.dll
0x00007ff871ca0000 - 0x00007ff871cc2000 	C:\WINDOWS\System32\win32u.dll
0x00007ff873880000 - 0x00007ff8738aa000 	C:\WINDOWS\System32\GDI32.dll
0x00007ff872390000 - 0x00007ff87249a000 	C:\WINDOWS\System32\gdi32full.dll
0x00007ff8724a0000 - 0x00007ff87253d000 	C:\WINDOWS\System32\msvcp_win.dll
0x00007ff871fa0000 - 0x00007ff8720a0000 	C:\WINDOWS\System32\ucrtbase.dll
0x00007ff850010000 - 0x00007ff8502aa000 	C:\WINDOWS\WinSxS\amd64_microsoft.windows.common-controls_6595b64144ccf1df_6.0.19041.1_none_b555e41d4684ddec\COMCTL32.dll
0x00007ff873de0000 - 0x00007ff873e10000 	C:\WINDOWS\System32\IMM32.DLL
0x00000000586b0000 - 0x0000000058782000 	C:\Program Files\Java\jdk1.8.0_221\jre\bin\msvcr100.dll
0x0000000057e00000 - 0x00000000586a5000 	C:\Program Files\Java\jdk1.8.0_221\jre\bin\server\jvm.dll
0x00007ff873760000 - 0x00007ff873768000 	C:\WINDOWS\System32\PSAPI.DLL
0x00007ff85d870000 - 0x00007ff85d879000 	C:\WINDOWS\SYSTEM32\WSOCK32.dll
0x00007ff873770000 - 0x00007ff8737db000 	C:\WINDOWS\System32\WS2_32.dll
0x00007ff860de0000 - 0x00007ff860e07000 	C:\WINDOWS\SYSTEM32\WINMM.dll
0x00007ff86b4b0000 - 0x00007ff86b4ba000 	C:\WINDOWS\SYSTEM32\VERSION.dll
0x00007ff86d0f0000 - 0x00007ff86d0ff000 	C:\Program Files\Java\jdk1.8.0_221\jre\bin\verify.dll
0x00007ff868800000 - 0x00007ff868829000 	C:\Program Files\Java\jdk1.8.0_221\jre\bin\java.dll
0x00007ff85eed0000 - 0x00007ff85ef05000 	C:\Program Files\Java\jdk1.8.0_221\jre\bin\jdwp.dll
0x00007ff86d0e0000 - 0x00007ff86d0e8000 	C:\Program Files\Java\jdk1.8.0_221\jre\bin\npt.dll
0x00007ff86a240000 - 0x00007ff86a256000 	C:\Program Files\Java\jdk1.8.0_221\jre\bin\zip.dll
0x00007ff872660000 - 0x00007ff872da0000 	C:\WINDOWS\System32\SHELL32.dll
0x00007ff86fe20000 - 0x00007ff8705b1000 	C:\WINDOWS\SYSTEM32\windows.storage.dll
0x00007ff873a80000 - 0x00007ff873dd3000 	C:\WINDOWS\System32\combase.dll
0x00007ff871720000 - 0x00007ff87174c000 	C:\WINDOWS\SYSTEM32\Wldp.dll
0x00007ff8738b0000 - 0x00007ff87395e000 	C:\WINDOWS\System32\SHCORE.dll
0x00007ff8736e0000 - 0x00007ff873735000 	C:\WINDOWS\System32\shlwapi.dll
0x00007ff871be0000 - 0x00007ff871bff000 	C:\WINDOWS\SYSTEM32\profapi.dll
0x00007ff86b820000 - 0x00007ff86b829000 	C:\Program Files\Java\jdk1.8.0_221\jre\bin\dt_socket.dll
0x00007ff869400000 - 0x00007ff869417000 	C:\WINDOWS\system32\napinsp.dll
0x00007ff8687c0000 - 0x00007ff8687db000 	C:\WINDOWS\system32\pnrpnsp.dll
0x00007ff86c840000 - 0x00007ff86c855000 	C:\WINDOWS\system32\wshbth.dll
0x00007ff86b580000 - 0x00007ff86b59d000 	C:\WINDOWS\system32\NLAapi.dll
0x00007ff871140000 - 0x00007ff87117b000 	C:\WINDOWS\SYSTEM32\IPHLPAPI.DLL
0x00007ff8714a0000 - 0x00007ff87150a000 	C:\WINDOWS\System32\mswsock.dll
0x00007ff871180000 - 0x00007ff87124a000 	C:\WINDOWS\SYSTEM32\DNSAPI.dll
0x00007ff873300000 - 0x00007ff873309000 	C:\WINDOWS\System32\NSI.dll
0x00007ff8687a0000 - 0x00007ff8687b2000 	C:\WINDOWS\System32\winrnr.dll
0x00007ff86aec0000 - 0x00007ff86af3f000 	C:\WINDOWS\System32\fwpuclnt.dll
0x00007ff872540000 - 0x00007ff872567000 	C:\WINDOWS\System32\bcrypt.dll
0x00007ff86aa30000 - 0x00007ff86aa3a000 	C:\Windows\System32\rasadhlp.dll
0x00007ff86b760000 - 0x00007ff86b76d000 	C:\Program Files\Java\jdk1.8.0_221\jre\bin\management.dll
0x00007ff8687e0000 - 0x00007ff8687fa000 	C:\Program Files\Java\jdk1.8.0_221\jre\bin\net.dll
0x00007ff85dfd0000 - 0x00007ff85e1bd000 	C:\WINDOWS\SYSTEM32\urlmon.dll
0x00007ff861180000 - 0x00007ff86142f000 	C:\WINDOWS\SYSTEM32\iertutil.dll
0x00007ff8684f0000 - 0x00007ff868502000 	C:\Program Files\Java\jdk1.8.0_221\jre\bin\nio.dll
0x00007ff871670000 - 0x00007ff871688000 	C:\WINDOWS\SYSTEM32\CRYPTSP.dll
0x00007ff870dc0000 - 0x00007ff870df4000 	C:\WINDOWS\system32\rsaenh.dll
0x00007ff871ba0000 - 0x00007ff871bce000 	C:\WINDOWS\SYSTEM32\USERENV.dll
0x00007ff872310000 - 0x00007ff87238f000 	C:\WINDOWS\System32\bcryptprimitives.dll
0x00007ff871690000 - 0x00007ff87169c000 	C:\WINDOWS\SYSTEM32\CRYPTBASE.dll
0x00007ff86aaa0000 - 0x00007ff86aab7000 	C:\WINDOWS\SYSTEM32\dhcpcsvc6.DLL
0x00007ff86b3d0000 - 0x00007ff86b3ed000 	C:\WINDOWS\SYSTEM32\dhcpcsvc.DLL
0x00007ff86aac0000 - 0x00007ff86aca4000 	C:\WINDOWS\SYSTEM32\dbghelp.dll

VM Arguments:
jvm_args: -agentlib:jdwp=transport=dt_socket,suspend=y,address=localhost:52189 -Dcom.sun.management.jmxremote -Dcom.sun.management.jmxremote.port=52188 -Dcom.sun.management.jmxremote.authenticate=false -Dcom.sun.management.jmxremote.ssl=false -Djava.rmi.server.hostname=localhost -Dspring.jmx.enabled=true -Dspring.application.admin.enabled=true -Xverify:none -XX:TieredStopAtLevel=1 -Dspring.boot.project.name=login -Dfile.encoding=Cp1252 
java_command: com.micaelpapa.rest.login.LoginApplication --spring.output.ansi.enabled=always
java_class_path (initial): C:\Users\micae\Desktop\login\bin\main;C:\Users\micae\.gradle\caches\modules-2\files-2.1\org.springframework.boot\spring-boot-starter-data-jpa\2.3.3.RELEASE\b71e2ec26c835ff528b7e845f875f8953ae56c66\spring-boot-starter-data-jpa-2.3.3.RELEASE.jar;C:\Users\micae\.gradle\caches\modules-2\files-2.1\org.springframework.boot\spring-boot-starter-validation\2.3.3.RELEASE\fd55e368f18dab00ec621f11a8bfc57d8e3dbb77\spring-boot-starter-validation-2.3.3.RELEASE.jar;C:\Users\micae\.gradle\caches\modules-2\files-2.1\org.springframework.boot\spring-boot-starter-web\2.3.3.RELEASE\d38db3c19ba4bc114aaa4febfc1d89cd8725822d\spring-boot-starter-web-2.3.3.RELEASE.jar;C:\Users\micae\.gradle\caches\modules-2\files-2.1\org.springframework.boot\spring-boot-starter-aop\2.3.3.RELEASE\8d68fee9baba6e42f1ff6954365edeab83355f40\spring-boot-starter-aop-2.3.3.RELEASE.jar;C:\Users\micae\.gradle\caches\modules-2\files-2.1\org.springframework.boot\spring-boot-starter-jdbc\2.3.3.RELEASE\2ccdb545544ba6a170496daf3c56fc5edae43a7b\spring-boot-starter-jdbc-2.3.3.RELEASE.jar;C:\Users\micae\.gradle\caches\modules-2\files-2.1\jakarta.transaction\jakarta.transaction-api\1.3.3\c4179d48720a1e87202115fbed6089bdc4195405\jakarta.transaction-api-1.3.3.jar;C:\Users\micae\.gradle\caches\modules-2\files-2.1\jakarta.persistence\jakarta.persistence-api\2.2.3\8f6ea5daedc614f07a3654a455660145286f024e\jakarta.persistence-api-2.2.3.jar;C:\Users\micae\.gradle\caches\modules-2\files-2.1\org.hibernate\hibernate-core\5.4.20.Final\37a043dcf560c5ed844a9de8ad5100189de2fb62\hibernate-core-5.4.20.Final.jar;C:\Users\micae\.gradle\caches\modules-2\files-2.1\org.springframework.data\spring-data-jpa\2.3.3.RELEASE\747f45feef25fccd5bd74621255f469187797ded\spring-data-jpa-2.3.3.RELEASE.jar;C:\Users\micae\.gradle\caches\modules-2\files-2.1\org.springframework\spring-aspects\5.2.8.RELEASE\37877fa9c1ab54866ea61660eb06b358243a29c3\spring-aspects-5.2.8.RELEASE.jar;C:\Users\micae\.gradle\caches\modules-2\files-2.1\org.sprin
Launcher Type: SUN_STANDARD

Environment Variables:
PATH=C:\Program Files\Java\jdk1.8.0_221\jre\bin;C:/Program Files/Java/jre1.8.0_241/bin/server;C:/Program Files/Java/jre1.8.0_241/bin;C:/Program Files/Java/jre1.8.0_241/lib/amd64;C:\ProgramData\Oracle\Java\javapath;C:\Program Files (x86)\Common Files\Oracle\Java\javapath;C:\WINDOWS\system32;C:\WINDOWS;C:\WINDOWS\System32\Wbem;C:\WINDOWS\System32\WindowsPowerShell\v1.0\;C:\WINDOWS\System32\OpenSSH\;C:\Program Files\dotnet\;C:\Program Files\Microsoft SQL Server\Client SDK\ODBC\170\Tools\Binn\;C:\Program Files\Microsoft SQL Server\Client SDK\ODBC\130\Tools\Binn\;C:\wamp64\bin\php\php7.3.5;C:\Program Files (x86)\Microsoft SQL Server\140\Tools\Binn\;C:\Program Files\Microsoft SQL Server\140\Tools\Binn\;C:\Program Files\Microsoft SQL Server\140\DTS\Binn\;C:\Program Files (x86)\Microsoft SQL Server\150\DTS\Binn\;C:\Program Files\nodejs\;C:\Program Files\TortoiseSVN\bin;C:\Program Files\TortoiseGit\bin;;C:\Users\micae\AppData\Local\Programs\Microsoft VS Code\bin;C:\Users\micae\AppData\Roaming\npm;C:\Program Files\JetBrains\PhpStorm 2020.2\bin;;C:\Users\micae\AppData\Local\Microsoft\WindowsApps;C:\Users\micae\Desktop;
USERNAME=micae
OS=Windows_NT
PROCESSOR_IDENTIFIER=Intel64 Family 6 Model 142 Stepping 9, GenuineIntel



---------------  S Y S T E M  ---------------

OS: Windows 10.0 , 64 bit Build 19041 (10.0.19041.292)

CPU:total 4 (initial active 4) (2 cores per cpu, 2 threads per core) family 6 model 142 stepping 9, cmov, cx8, fxsr, mmx, sse, sse2, sse3, ssse3, sse4.1, sse4.2, popcnt, avx, avx2, aes, clmul, erms, 3dnowpref, lzcnt, ht, tsc, tscinvbit, bmi1, bmi2, adx

Memory: 4k page, physical 8261220k(2235880k free), swap 12324452k(3980292k free)

vm_info: Java HotSpot(TM) 64-Bit Server VM (25.221-b11) for windows-amd64 JRE (1.8.0_221-b11), built on Jul  4 2019 04:39:29 by "java_re" with MS VC++ 10.0 (VS2010)

time: Sat Aug 22 05:19:37 2020
timezone: Argentina Standard Time
elapsed time: 115 seconds (0d 0h 1m 55s)

